<?xml version="1.0" encoding="UTF-8"?>
<!-- Generated by org.testng.reporters.JUnitReportReporter -->
<testsuite skipped="0" hostname="HIPUNL151237" name="tests.eMBridge" tests="1" failures="0" timestamp="2021-06-04T12:01:56 IST" time="196.454" errors="0">
  <testcase name="TC01" time="196.454" classname="tests.eMBridge"/>
  <system-out/>
</testsuite> <!-- tests.eMBridge -->
